[0.009s] Invoking command in '/home/atykym-22/rrm_zadanie_ws/src/my_robot_project/build/my_robot_project': CMAKE_PREFIX_PATH=${CMAKE_PREFIX_PATH}:/opt/ros/humble /usr/bin/cmake /home/atykym-22/rrm_zadanie_ws/src/my_robot_project -DCMAKE_INSTALL_PREFIX=/home/atykym-22/rrm_zadanie_ws/src/my_robot_project/install/my_robot_project
[0.105s] -- The C compiler identification is GNU 11.4.0
[0.155s] -- The CXX compiler identification is GNU 11.4.0
[0.162s] -- Detecting C compiler ABI info
[0.224s] -- Detecting C compiler ABI info - done
[0.229s] -- Check for working C compiler: /usr/bin/cc - skipped
[0.230s] -- Detecting C compile features
[0.231s] -- Detecting C compile features - done
[0.233s] -- Detecting CXX compiler ABI info
[0.302s] -- Detecting CXX compiler ABI info - done
[0.308s] -- Check for working CXX compiler: /usr/bin/c++ - skipped
[0.308s] -- Detecting CXX compile features
[0.308s] -- Detecting CXX compile features - done
[0.318s] -- Found ament_cmake: 1.3.12 (/opt/ros/humble/share/ament_cmake/cmake)
[0.449s] -- Found Python3: /usr/bin/python3 (found version "3.10.12") found components: Interpreter 
[0.524s] -- Found rclcpp: 16.0.17 (/opt/ros/humble/share/rclcpp/cmake)
[0.563s] -- Found rosidl_generator_c: 3.1.8 (/opt/ros/humble/share/rosidl_generator_c/cmake)
[0.567s] -- Found rosidl_adapter: 3.1.8 (/opt/ros/humble/share/rosidl_adapter/cmake)
[0.574s] -- Found rosidl_generator_cpp: 3.1.8 (/opt/ros/humble/share/rosidl_generator_cpp/cmake)
[0.584s] -- Using all available rosidl_typesupport_c: rosidl_typesupport_fastrtps_c;rosidl_typesupport_introspection_c
[0.598s] -- Using all available rosidl_typesupport_cpp: rosidl_typesupport_fastrtps_cpp;rosidl_typesupport_introspection_cpp
[0.635s] -- Found rmw_implementation_cmake: 6.1.2 (/opt/ros/humble/share/rmw_implementation_cmake/cmake)
[0.638s] -- Found rmw_fastrtps_cpp: 6.2.9 (/opt/ros/humble/share/rmw_fastrtps_cpp/cmake)
[0.716s] -- Found OpenSSL: /usr/lib/x86_64-linux-gnu/libcrypto.so (found version "3.0.2")  
[0.742s] -- Found FastRTPS: /opt/ros/humble/include  
[0.779s] -- Using RMW implementation 'rmw_fastrtps_cpp' as default
[0.789s] -- Looking for pthread.h
[0.853s] -- Looking for pthread.h - found
[0.853s] -- Performing Test CMAKE_HAVE_LIBC_PTHREAD
[0.918s] -- Performing Test CMAKE_HAVE_LIBC_PTHREAD - Success
[0.919s] -- Found Threads: TRUE  
[0.960s] -- Found visualization_msgs: 4.9.0 (/opt/ros/humble/share/visualization_msgs/cmake)
[1.001s] -- Found interactive_markers: 2.3.2 (/opt/ros/humble/share/interactive_markers/cmake)
[1.030s] [31mCMake Error at CMakeLists.txt:19 (find_package):
[1.031s]   By not providing "Findabb_irb4600_ikfast.cmake" in CMAKE_MODULE_PATH this
[1.031s]   project has asked CMake to find a package configuration file provided by
[1.031s]   "abb_irb4600_ikfast", but CMake did not find one.
[1.031s] 
[1.031s]   Could not find a package configuration file provided by
[1.031s]   "abb_irb4600_ikfast" with any of the following names:
[1.031s] 
[1.031s]     abb_irb4600_ikfastConfig.cmake
[1.031s]     abb_irb4600_ikfast-config.cmake
[1.031s] 
[1.031s]   Add the installation prefix of "abb_irb4600_ikfast" to CMAKE_PREFIX_PATH or
[1.031s]   set "abb_irb4600_ikfast_DIR" to a directory containing one of the above
[1.031s]   files.  If "abb_irb4600_ikfast" provides a separate development package or
[1.031s]   SDK, be sure it has been installed.
[1.031s] 
[1.031s] [0m
[1.032s] -- Configuring incomplete, errors occurred!
[1.032s] See also "/home/atykym-22/rrm_zadanie_ws/src/my_robot_project/build/my_robot_project/CMakeFiles/CMakeOutput.log".
[1.040s] Invoked command in '/home/atykym-22/rrm_zadanie_ws/src/my_robot_project/build/my_robot_project' returned '1': CMAKE_PREFIX_PATH=${CMAKE_PREFIX_PATH}:/opt/ros/humble /usr/bin/cmake /home/atykym-22/rrm_zadanie_ws/src/my_robot_project -DCMAKE_INSTALL_PREFIX=/home/atykym-22/rrm_zadanie_ws/src/my_robot_project/install/my_robot_project
